2023-12-05 11:15:10,658 Namespace(cfg='configs/facial/pidnet_small_facial.yaml', opts=[], seed=304)
2023-12-05 11:15:10,658 AUTO_RESUME: False
CUDNN:
  BENCHMARK: True
  DETERMINISTIC: False
  ENABLED: True
DATASET:
  DATASET: facial
  EXTRA_TRAIN_SET: 
  NUM_CLASSES: 15
  ROOT: data/
  TEST_SET: list/facial/val.lst
  TRAIN_SET: list/facial/train.lst
GPUS: (0,)
LOG_DIR: log
LOSS:
  BALANCE_WEIGHTS: [0.4, 1.0]
  CLASS_BALANCE: False
  OHEMKEEP: 131072
  OHEMTHRES: 0.9
  SB_WEIGHTS: 1.0
  USE_OHEM: True
MODEL:
  ALIGN_CORNERS: True
  NAME: pidnet_s
  NUM_OUTPUTS: 2
  PRETRAINED: pretrained_models/imagenet/PIDNet_S_ImageNet.pth.tar
OUTPUT_DIR: output
PIN_MEMORY: True
PRINT_FREQ: 10
TEST:
  BASE_SIZE: 616
  BATCH_SIZE_PER_GPU: 1
  FLIP_TEST: False
  IMAGE_SIZE: [616, 616]
  MODEL_FILE: 
  MULTI_SCALE: False
  OUTPUT_INDEX: 1
TRAIN:
  BASE_SIZE: 616
  BATCH_SIZE_PER_GPU: 12
  BEGIN_EPOCH: 0
  END_EPOCH: 200
  EXTRA_EPOCH: 0
  EXTRA_LR: 0.001
  FLIP: False
  IGNORE_LABEL: 255
  IMAGE_SIZE: [616, 616]
  LR: 0.005
  MOMENTUM: 0.9
  MULTI_SCALE: False
  NESTEROV: False
  OPTIMIZER: sgd
  RESUME: False
  SCALE_FACTOR: 1
  SHUFFLE: True
  WD: 0.0005
WORKERS: 8
2023-12-05 11:15:10,812 Attention!!!
2023-12-05 11:15:10,812 Loaded 302 parameters!
2023-12-05 11:15:10,812 Over!!!
2023-12-05 11:16:27,194 Epoch: [0/200] Iter:[0/9368], Time: 75.11, lr: [0.005], Loss: 20.740620, Acc:0.035371, Semantic loss: 8.562497, BCE loss: 4.826035, SB loss: 7.352087
2023-12-05 11:16:29,536 Epoch: [0/200] Iter:[10/9368], Time: 7.04, lr: [0.0049999759820602], Loss: 11.867697, Acc:0.414317, Semantic loss: 5.248465, BCE loss: 2.618240, SB loss: 4.000992
2023-12-05 11:16:46,340 Epoch: [0/200] Iter:[20/9368], Time: 4.49, lr: [0.004999951964107581], Loss: 9.194112, Acc:0.611916, Semantic loss: 4.076673, BCE loss: 2.081627, SB loss: 3.035813
