2023-12-05 12:22:37,025 Namespace(cfg='configs/facial/pidnet_small_facial.yaml', opts=[], seed=304)
2023-12-05 12:22:37,025 AUTO_RESUME: False
CUDNN:
  BENCHMARK: True
  DETERMINISTIC: False
  ENABLED: True
DATASET:
  DATASET: facial
  EXTRA_TRAIN_SET: 
  NUM_CLASSES: 15
  ROOT: data/
  TEST_SET: list/facial/val.lst
  TRAIN_SET: list/facial/train.lst
GPUS: (0,)
LOG_DIR: log
LOSS:
  BALANCE_WEIGHTS: [0.4, 1.0]
  CLASS_BALANCE: False
  OHEMKEEP: 131072
  OHEMTHRES: 0.9
  SB_WEIGHTS: 1.0
  USE_OHEM: True
MODEL:
  ALIGN_CORNERS: True
  NAME: pidnet_s
  NUM_OUTPUTS: 2
  PRETRAINED: pretrained_models/imagenet/PIDNet_S_ImageNet.pth.tar
OUTPUT_DIR: output
PIN_MEMORY: True
PRINT_FREQ: 10
TEST:
  BASE_SIZE: 616
  BATCH_SIZE_PER_GPU: 1
  FLIP_TEST: False
  IMAGE_SIZE: [616, 616]
  MODEL_FILE: 
  MULTI_SCALE: False
  OUTPUT_INDEX: 1
TRAIN:
  BASE_SIZE: 616
  BATCH_SIZE_PER_GPU: 6
  BEGIN_EPOCH: 0
  END_EPOCH: 200
  EXTRA_EPOCH: 0
  EXTRA_LR: 0.001
  FLIP: False
  IGNORE_LABEL: 255
  IMAGE_SIZE: [616, 616]
  LR: 0.005
  MOMENTUM: 0.9
  MULTI_SCALE: False
  NESTEROV: False
  OPTIMIZER: sgd
  RESUME: False
  SCALE_FACTOR: 1
  SHUFFLE: True
  WD: 0.0005
WORKERS: 8
2023-12-05 12:22:37,184 Attention!!!
2023-12-05 12:22:37,184 Loaded 302 parameters!
2023-12-05 12:22:37,184 Over!!!
2023-12-05 12:23:33,533 Epoch: [0/200] Iter:[0/18736], Time: 55.07, lr: [0.005], Loss: 19.606659, Acc:0.031505, Semantic loss: 8.653794, BCE loss: 3.637270, SB loss: 7.315594, Data Time: 44.89
2023-12-05 12:23:34,849 Epoch: [0/200] Iter:[10/18736], Time: 0.13, lr: [0.004999987991031703], Loss: 12.356596, Acc:0.372090, Semantic loss: 5.549227, BCE loss: 2.647260, SB loss: 4.160109, Data Time: 0.13
2023-12-05 12:23:43,082 Epoch: [0/200] Iter:[20/18736], Time: 0.82, lr: [0.0049999759820602], Loss: 10.018443, Acc:0.556185, Semantic loss: 4.489888, BCE loss: 2.253619, SB loss: 3.274936, Data Time: 0.11
2023-12-05 12:23:53,121 Epoch: [0/200] Iter:[30/18736], Time: 1.00, lr: [0.004999963973085494], Loss: 8.356548, Acc:0.623457, Semantic loss: 3.691069, BCE loss: 1.992199, SB loss: 2.673281, Data Time: 0.10
2023-12-05 12:24:02,792 Epoch: [0/200] Iter:[40/18736], Time: 0.97, lr: [0.004999951964107581], Loss: 7.280696, Acc:0.671720, Semantic loss: 3.165997, BCE loss: 1.771326, SB loss: 2.343373, Data Time: 0.10
2023-12-05 12:24:20,944 Epoch: [0/200] Iter:[50/18736], Time: 1.82, lr: [0.004999939955126464], Loss: 6.612922, Acc:0.701134, Semantic loss: 2.868344, BCE loss: 1.618368, SB loss: 2.126211, Data Time: 0.12
2023-12-05 12:24:30,527 Epoch: [0/200] Iter:[60/18736], Time: 0.96, lr: [0.004999927946142142], Loss: 6.049138, Acc:0.729596, Semantic loss: 2.599774, BCE loss: 1.500567, SB loss: 1.948797, Data Time: 0.10
2023-12-05 12:24:40,143 Epoch: [0/200] Iter:[70/18736], Time: 0.96, lr: [0.004999915937154617], Loss: 5.674797, Acc:0.748364, Semantic loss: 2.418097, BCE loss: 1.428916, SB loss: 1.827784, Data Time: 0.09
2023-12-05 12:24:49,667 Epoch: [0/200] Iter:[80/18736], Time: 0.95, lr: [0.004999903928163885], Loss: 5.363578, Acc:0.763561, Semantic loss: 2.271391, BCE loss: 1.355382, SB loss: 1.736806, Data Time: 0.09
2023-12-05 12:25:07,578 Epoch: [0/200] Iter:[90/18736], Time: 1.79, lr: [0.00499989191916995], Loss: 5.108939, Acc:0.776477, Semantic loss: 2.149985, BCE loss: 1.299992, SB loss: 1.658962, Data Time: 0.10
2023-12-05 12:25:16,948 Epoch: [0/200] Iter:[100/18736], Time: 0.94, lr: [0.004999879910172808], Loss: 4.906239, Acc:0.786101, Semantic loss: 2.056168, BCE loss: 1.254192, SB loss: 1.595879, Data Time: 0.09
2023-12-05 12:25:26,365 Epoch: [0/200] Iter:[110/18736], Time: 0.94, lr: [0.004999867901172462], Loss: 4.718574, Acc:0.795647, Semantic loss: 1.971611, BCE loss: 1.206415, SB loss: 1.540548, Data Time: 0.09
2023-12-05 12:25:35,773 Epoch: [0/200] Iter:[120/18736], Time: 0.94, lr: [0.004999855892168912], Loss: 4.571390, Acc:0.804045, Semantic loss: 1.898939, BCE loss: 1.173870, SB loss: 1.498580, Data Time: 0.09
2023-12-05 12:25:53,609 Epoch: [0/200] Iter:[130/18736], Time: 1.78, lr: [0.004999843883162156], Loss: 4.429638, Acc:0.811999, Semantic loss: 1.833021, BCE loss: 1.138227, SB loss: 1.458389, Data Time: 0.09
2023-12-05 12:26:02,895 Epoch: [0/200] Iter:[140/18736], Time: 0.93, lr: [0.004999831874152196], Loss: 4.309910, Acc:0.818534, Semantic loss: 1.778413, BCE loss: 1.109844, SB loss: 1.421653, Data Time: 0.09
2023-12-05 12:26:12,248 Epoch: [0/200] Iter:[150/18736], Time: 0.94, lr: [0.00499981986513903], Loss: 4.209512, Acc:0.824166, Semantic loss: 1.731072, BCE loss: 1.085530, SB loss: 1.392911, Data Time: 0.10
2023-12-05 12:26:22,565 Epoch: [0/200] Iter:[160/18736], Time: 1.03, lr: [0.00499980785612266], Loss: 4.116949, Acc:0.829651, Semantic loss: 1.688249, BCE loss: 1.063012, SB loss: 1.365688, Data Time: 0.10
2023-12-05 12:26:39,753 Epoch: [0/200] Iter:[170/18736], Time: 1.72, lr: [0.004999795847103084], Loss: 4.051899, Acc:0.833795, Semantic loss: 1.658284, BCE loss: 1.046189, SB loss: 1.347427, Data Time: 0.10
2023-12-05 12:26:49,213 Epoch: [0/200] Iter:[180/18736], Time: 0.95, lr: [0.004999783838080304], Loss: 3.973563, Acc:0.838325, Semantic loss: 1.621689, BCE loss: 1.028224, SB loss: 1.323651, Data Time: 0.09
2023-12-05 12:26:58,677 Epoch: [0/200] Iter:[190/18736], Time: 0.95, lr: [0.004999771829054318], Loss: 3.908952, Acc:0.841979, Semantic loss: 1.593328, BCE loss: 1.012488, SB loss: 1.303136, Data Time: 0.09
2023-12-05 12:27:08,742 Epoch: [0/200] Iter:[200/18736], Time: 1.01, lr: [0.004999759820025128], Loss: 3.848649, Acc:0.845490, Semantic loss: 1.566324, BCE loss: 0.997291, SB loss: 1.285033, Data Time: 0.11
2023-12-05 12:27:26,968 Epoch: [0/200] Iter:[210/18736], Time: 1.82, lr: [0.004999747810992733], Loss: 3.792205, Acc:0.848727, Semantic loss: 1.541672, BCE loss: 0.983896, SB loss: 1.266637, Data Time: 0.12
2023-12-05 12:27:36,421 Epoch: [0/200] Iter:[220/18736], Time: 0.95, lr: [0.004999735801957133], Loss: 3.742152, Acc:0.851876, Semantic loss: 1.518830, BCE loss: 0.971437, SB loss: 1.251885, Data Time: 0.10
2023-12-05 12:27:45,772 Epoch: [0/200] Iter:[230/18736], Time: 0.94, lr: [0.0049997237929183275], Loss: 3.698286, Acc:0.854542, Semantic loss: 1.497288, BCE loss: 0.961748, SB loss: 1.239249, Data Time: 0.10
2023-12-05 12:27:55,974 Epoch: [0/200] Iter:[240/18736], Time: 1.02, lr: [0.004999711783876318], Loss: 3.645207, Acc:0.857626, Semantic loss: 1.474178, BCE loss: 0.948074, SB loss: 1.222956, Data Time: 0.10
2023-12-05 12:28:13,715 Epoch: [0/200] Iter:[250/18736], Time: 1.77, lr: [0.004999699774831103], Loss: 3.599283, Acc:0.860322, Semantic loss: 1.454684, BCE loss: 0.935031, SB loss: 1.209568, Data Time: 0.11
2023-12-05 12:28:23,711 Epoch: [0/200] Iter:[260/18736], Time: 1.00, lr: [0.004999687765782682], Loss: 3.557853, Acc:0.862834, Semantic loss: 1.437422, BCE loss: 0.923614, SB loss: 1.196816, Data Time: 0.13
2023-12-05 12:28:33,234 Epoch: [0/200] Iter:[270/18736], Time: 0.95, lr: [0.004999675756731057], Loss: 3.525351, Acc:0.865031, Semantic loss: 1.423905, BCE loss: 0.915901, SB loss: 1.185545, Data Time: 0.10
2023-12-05 12:28:42,635 Epoch: [0/200] Iter:[280/18736], Time: 0.94, lr: [0.004999663747676226], Loss: 3.494646, Acc:0.866852, Semantic loss: 1.409935, BCE loss: 0.907963, SB loss: 1.176748, Data Time: 0.09
2023-12-05 12:29:00,455 Epoch: [0/200] Iter:[290/18736], Time: 1.78, lr: [0.004999651738618191], Loss: 3.459344, Acc:0.869065, Semantic loss: 1.394282, BCE loss: 0.898750, SB loss: 1.166313, Data Time: 0.09
