2023-11-29 15:50:06,626 Namespace(cfg='configs/facial/pidnet_small_facial.yaml', opts=[], seed=304)
2023-11-29 15:50:06,627 AUTO_RESUME: False
CUDNN:
  BENCHMARK: True
  DETERMINISTIC: False
  ENABLED: True
DATASET:
  DATASET: facial
  EXTRA_TRAIN_SET: 
  NUM_CLASSES: 15
  ROOT: data/
  TEST_SET: list/facial/val.lst
  TRAIN_SET: list/facial/train.lst
GPUS: (0,)
LOG_DIR: log
LOSS:
  BALANCE_WEIGHTS: [0.4, 1.0]
  CLASS_BALANCE: False
  OHEMKEEP: 131072
  OHEMTHRES: 0.9
  SB_WEIGHTS: 1.0
  USE_OHEM: True
MODEL:
  ALIGN_CORNERS: True
  NAME: pidnet_s
  NUM_OUTPUTS: 2
  PRETRAINED: pretrained_models/imagenet/PIDNet_S_ImageNet.pth.tar
OUTPUT_DIR: output
PIN_MEMORY: True
PRINT_FREQ: 10
TEST:
  BASE_SIZE: 616
  BATCH_SIZE_PER_GPU: 1
  FLIP_TEST: False
  IMAGE_SIZE: [616, 616]
  MODEL_FILE: 
  MULTI_SCALE: False
  OUTPUT_INDEX: 1
TRAIN:
  BASE_SIZE: 616
  BATCH_SIZE_PER_GPU: 6
  BEGIN_EPOCH: 0
  END_EPOCH: 200
  EXTRA_EPOCH: 0
  EXTRA_LR: 0.001
  FLIP: False
  IGNORE_LABEL: 255
  IMAGE_SIZE: [616, 616]
  LR: 0.005
  MOMENTUM: 0.9
  MULTI_SCALE: False
  NESTEROV: False
  OPTIMIZER: sgd
  RESUME: False
  SCALE_FACTOR: 16
  SHUFFLE: True
  WD: 0.0005
WORKERS: 3
2023-11-29 15:50:06,794 Attention!!!
2023-11-29 15:50:06,794 Loaded 302 parameters!
2023-11-29 15:50:06,794 Over!!!
2023-11-29 15:50:59,323 Epoch: [0/200] Iter:[0/18736], Time: 51.22, lr: [0.005], Loss: 19.606731, Acc:0.031513, Semantic loss: 8.653717, BCE loss: 3.637542, SB loss: 7.315472
2023-11-29 15:51:05,913 Epoch: [0/200] Iter:[10/18736], Time: 5.25, lr: [0.004999987991031703], Loss: 12.296707, Acc:0.385790, Semantic loss: 5.424742, BCE loss: 2.735761, SB loss: 4.136205
2023-11-29 15:51:16,694 Epoch: [0/200] Iter:[20/18736], Time: 3.27, lr: [0.0049999759820602], Loss: 9.969599, Acc:0.569485, Semantic loss: 4.420476, BCE loss: 2.308422, SB loss: 3.240700
2023-11-29 15:51:27,098 Epoch: [0/200] Iter:[30/18736], Time: 2.55, lr: [0.004999963973085494], Loss: 8.361914, Acc:0.636687, Semantic loss: 3.661094, BCE loss: 2.023256, SB loss: 2.677564
2023-11-29 15:51:39,905 Epoch: [0/200] Iter:[40/18736], Time: 2.24, lr: [0.004999951964107581], Loss: 7.295662, Acc:0.683080, Semantic loss: 3.139730, BCE loss: 1.796395, SB loss: 2.359538
2023-11-29 15:51:50,711 Epoch: [0/200] Iter:[50/18736], Time: 2.01, lr: [0.004999939955126464], Loss: 6.619147, Acc:0.712443, Semantic loss: 2.828943, BCE loss: 1.636363, SB loss: 2.153840
2023-11-29 15:52:01,110 Epoch: [0/200] Iter:[60/18736], Time: 1.85, lr: [0.004999927946142142], Loss: 6.054500, Acc:0.739530, Semantic loss: 2.563142, BCE loss: 1.510931, SB loss: 1.980426
2023-11-29 15:52:13,536 Epoch: [0/200] Iter:[70/18736], Time: 1.77, lr: [0.004999915937154617], Loss: 5.670212, Acc:0.757033, Semantic loss: 2.377117, BCE loss: 1.435420, SB loss: 1.857676
2023-11-29 15:52:24,770 Epoch: [0/200] Iter:[80/18736], Time: 1.69, lr: [0.004999903928163885], Loss: 5.351442, Acc:0.771628, Semantic loss: 2.234336, BCE loss: 1.356893, SB loss: 1.760214
2023-11-29 15:52:35,052 Epoch: [0/200] Iter:[90/18736], Time: 1.61, lr: [0.00499989191916995], Loss: 5.106415, Acc:0.783346, Semantic loss: 2.123523, BCE loss: 1.302325, SB loss: 1.680567
2023-11-29 15:52:47,390 Epoch: [0/200] Iter:[100/18736], Time: 1.58, lr: [0.004999879910172808], Loss: 4.907175, Acc:0.792065, Semantic loss: 2.033204, BCE loss: 1.255885, SB loss: 1.618087
2023-11-29 15:52:58,741 Epoch: [0/200] Iter:[110/18736], Time: 1.54, lr: [0.004999867901172462], Loss: 4.722764, Acc:0.800158, Semantic loss: 1.951540, BCE loss: 1.208699, SB loss: 1.562524
2023-11-29 15:53:09,046 Epoch: [0/200] Iter:[120/18736], Time: 1.50, lr: [0.004999855892168912], Loss: 4.574497, Acc:0.808445, Semantic loss: 1.878805, BCE loss: 1.175273, SB loss: 1.520419
2023-11-29 15:53:21,181 Epoch: [0/200] Iter:[130/18736], Time: 1.47, lr: [0.004999843883162156], Loss: 4.438056, Acc:0.816179, Semantic loss: 1.818592, BCE loss: 1.139920, SB loss: 1.479544
2023-11-29 15:53:32,752 Epoch: [0/200] Iter:[140/18736], Time: 1.45, lr: [0.004999831874152196], Loss: 4.319763, Acc:0.822054, Semantic loss: 1.766849, BCE loss: 1.110707, SB loss: 1.442207
2023-11-29 15:53:43,015 Epoch: [0/200] Iter:[150/18736], Time: 1.42, lr: [0.00499981986513903], Loss: 4.218551, Acc:0.827621, Semantic loss: 1.721102, BCE loss: 1.085660, SB loss: 1.411789
2023-11-29 15:53:54,741 Epoch: [0/200] Iter:[160/18736], Time: 1.41, lr: [0.00499980785612266], Loss: 4.128992, Acc:0.832955, Semantic loss: 1.681746, BCE loss: 1.063593, SB loss: 1.383653
2023-11-29 15:54:06,585 Epoch: [0/200] Iter:[170/18736], Time: 1.39, lr: [0.004999795847103084], Loss: 4.063345, Acc:0.836900, Semantic loss: 1.652723, BCE loss: 1.047126, SB loss: 1.363496
2023-11-29 15:54:16,869 Epoch: [0/200] Iter:[180/18736], Time: 1.37, lr: [0.004999783838080304], Loss: 3.983996, Acc:0.841223, Semantic loss: 1.615047, BCE loss: 1.029599, SB loss: 1.339349
2023-11-29 15:54:28,573 Epoch: [0/200] Iter:[190/18736], Time: 1.36, lr: [0.004999771829054318], Loss: 3.927810, Acc:0.844391, Semantic loss: 1.592475, BCE loss: 1.015207, SB loss: 1.320128
2023-11-29 15:54:40,475 Epoch: [0/200] Iter:[200/18736], Time: 1.36, lr: [0.004999759820025128], Loss: 3.868497, Acc:0.847769, Semantic loss: 1.565629, BCE loss: 1.001091, SB loss: 1.301777
2023-11-29 15:54:50,699 Epoch: [0/200] Iter:[210/18736], Time: 1.34, lr: [0.004999747810992733], Loss: 3.810974, Acc:0.851086, Semantic loss: 1.540407, BCE loss: 0.987507, SB loss: 1.283060
2023-11-29 15:55:01,975 Epoch: [0/200] Iter:[220/18736], Time: 1.33, lr: [0.004999735801957133], Loss: 3.760805, Acc:0.854155, Semantic loss: 1.518244, BCE loss: 0.974356, SB loss: 1.268205
2023-11-29 15:55:13,972 Epoch: [0/200] Iter:[230/18736], Time: 1.32, lr: [0.0049997237929183275], Loss: 3.716807, Acc:0.856672, Semantic loss: 1.497979, BCE loss: 0.964329, SB loss: 1.254499
2023-11-29 15:55:24,073 Epoch: [0/200] Iter:[240/18736], Time: 1.31, lr: [0.004999711783876318], Loss: 3.663887, Acc:0.859603, Semantic loss: 1.475559, BCE loss: 0.950403, SB loss: 1.237924
2023-11-29 15:55:35,183 Epoch: [0/200] Iter:[250/18736], Time: 1.30, lr: [0.004999699774831103], Loss: 3.617314, Acc:0.862168, Semantic loss: 1.455681, BCE loss: 0.937729, SB loss: 1.223904
2023-11-29 15:55:47,296 Epoch: [0/200] Iter:[260/18736], Time: 1.30, lr: [0.004999687765782682], Loss: 3.576010, Acc:0.864262, Semantic loss: 1.439091, BCE loss: 0.927197, SB loss: 1.209722
2023-11-29 15:55:57,423 Epoch: [0/200] Iter:[270/18736], Time: 1.29, lr: [0.004999675756731057], Loss: 3.543296, Acc:0.866254, Semantic loss: 1.425248, BCE loss: 0.919410, SB loss: 1.198637
2023-11-29 15:56:08,529 Epoch: [0/200] Iter:[280/18736], Time: 1.28, lr: [0.004999663747676226], Loss: 3.512921, Acc:0.867989, Semantic loss: 1.412643, BCE loss: 0.911449, SB loss: 1.188828
2023-11-29 15:56:20,667 Epoch: [0/200] Iter:[290/18736], Time: 1.28, lr: [0.004999651738618191], Loss: 3.476411, Acc:0.870118, Semantic loss: 1.395930, BCE loss: 0.902238, SB loss: 1.178243
2023-11-29 15:56:30,866 Epoch: [0/200] Iter:[300/18736], Time: 1.27, lr: [0.0049996397295569515], Loss: 3.439574, Acc:0.872403, Semantic loss: 1.379478, BCE loss: 0.893586, SB loss: 1.166510
2023-11-29 15:56:41,975 Epoch: [0/200] Iter:[310/18736], Time: 1.27, lr: [0.0049996277204925055], Loss: 3.411386, Acc:0.874194, Semantic loss: 1.367834, BCE loss: 0.885509, SB loss: 1.158043
2023-11-29 15:56:54,193 Epoch: [0/200] Iter:[320/18736], Time: 1.27, lr: [0.0049996157114248554], Loss: 3.377488, Acc:0.876210, Semantic loss: 1.352918, BCE loss: 0.876662, SB loss: 1.147909
2023-11-29 15:57:04,472 Epoch: [0/200] Iter:[330/18736], Time: 1.26, lr: [0.004999603702354], Loss: 3.353316, Acc:0.877743, Semantic loss: 1.344078, BCE loss: 0.869419, SB loss: 1.139819
