2023-12-06 14:14:52,078 Namespace(cfg='configs/facial/pidnet_small_facial.yaml', opts=[], seed=304)
2023-12-06 14:14:52,078 AUTO_RESUME: False
CUDNN:
  BENCHMARK: True
  DETERMINISTIC: False
  ENABLED: True
DATASET:
  DATASET: facial
  EXTRA_TRAIN_SET: 
  NUM_CLASSES: 15
  ROOT: data/
  TEST_SET: list/facial/val.lst
  TRAIN_SET: list/facial/train.lst
GPUS: (0,)
LOG_DIR: log
LOSS:
  BALANCE_WEIGHTS: [0.4, 1.0]
  CLASS_BALANCE: False
  OHEMKEEP: 131072
  OHEMTHRES: 0.9
  SB_WEIGHTS: 1.0
  USE_OHEM: True
MODEL:
  ALIGN_CORNERS: True
  NAME: pidnet_s
  NUM_OUTPUTS: 2
  PRETRAINED: pretrained_models/imagenet/PIDNet_S_ImageNet.pth.tar
OUTPUT_DIR: output
PIN_MEMORY: True
PRINT_FREQ: 10
TEST:
  BASE_SIZE: 616
  BATCH_SIZE_PER_GPU: 1
  FLIP_TEST: False
  IMAGE_SIZE: [616, 616]
  MODEL_FILE: 
  MULTI_SCALE: False
  OUTPUT_INDEX: 1
TRAIN:
  BASE_SIZE: 616
  BATCH_SIZE_PER_GPU: 6
  BEGIN_EPOCH: 0
  END_EPOCH: 200
  EXTRA_EPOCH: 0
  EXTRA_LR: 0.001
  FLIP: False
  IGNORE_LABEL: 255
  IMAGE_SIZE: [616, 616]
  LR: 0.005
  MOMENTUM: 0.9
  MULTI_SCALE: False
  NESTEROV: False
  OPTIMIZER: sgd
  RESUME: False
  SCALE_FACTOR: 1
  SHUFFLE: True
  WD: 0.0005
WORKERS: 8
2023-12-06 14:14:52,205 Attention!!!
2023-12-06 14:14:52,206 Loaded 302 parameters!
2023-12-06 14:14:52,206 Over!!!
2023-12-06 14:16:22,389 Epoch: [0/200] Iter:[0/18736], Time: 88.04, lr: [0.005], Loss: 19.607054, Acc:0.031508, Semantic loss: 8.653887, BCE loss: 3.637491, SB loss: 7.315676, Data Time: 11.18
2023-12-06 14:16:25,609 Epoch: [0/200] Iter:[10/18736], Time: 0.32, lr: [0.004999987991031703], Loss: 12.149709, Acc:0.387259, Semantic loss: 5.450195, BCE loss: 2.671714, SB loss: 4.027800, Data Time: 0.00
2023-12-06 14:16:33,125 Epoch: [0/200] Iter:[20/18736], Time: 0.75, lr: [0.0049999759820602], Loss: 10.072396, Acc:0.560280, Semantic loss: 4.496630, BCE loss: 2.267169, SB loss: 3.308598, Data Time: 0.45
