2023-12-05 13:57:05,598 Namespace(cfg='configs/facial/pidnet_small_facial.yaml', opts=[], seed=304)
2023-12-05 13:57:05,598 AUTO_RESUME: False
CUDNN:
  BENCHMARK: True
  DETERMINISTIC: False
  ENABLED: True
DATASET:
  DATASET: facial
  EXTRA_TRAIN_SET: 
  NUM_CLASSES: 15
  ROOT: data/
  TEST_SET: list/facial/val.lst
  TRAIN_SET: list/facial/train.lst
GPUS: (0,)
LOG_DIR: log
LOSS:
  BALANCE_WEIGHTS: [0.4, 1.0]
  CLASS_BALANCE: False
  OHEMKEEP: 131072
  OHEMTHRES: 0.9
  SB_WEIGHTS: 1.0
  USE_OHEM: True
MODEL:
  ALIGN_CORNERS: True
  NAME: pidnet_s
  NUM_OUTPUTS: 2
  PRETRAINED: pretrained_models/imagenet/PIDNet_S_ImageNet.pth.tar
OUTPUT_DIR: output
PIN_MEMORY: True
PRINT_FREQ: 10
TEST:
  BASE_SIZE: 616
  BATCH_SIZE_PER_GPU: 1
  FLIP_TEST: False
  IMAGE_SIZE: [616, 616]
  MODEL_FILE: 
  MULTI_SCALE: False
  OUTPUT_INDEX: 1
TRAIN:
  BASE_SIZE: 616
  BATCH_SIZE_PER_GPU: 6
  BEGIN_EPOCH: 0
  END_EPOCH: 200
  EXTRA_EPOCH: 0
  EXTRA_LR: 0.001
  FLIP: False
  IGNORE_LABEL: 255
  IMAGE_SIZE: [616, 616]
  LR: 0.005
  MOMENTUM: 0.9
  MULTI_SCALE: False
  NESTEROV: False
  OPTIMIZER: sgd
  RESUME: False
  SCALE_FACTOR: 1
  SHUFFLE: True
  WD: 0.0005
WORKERS: 8
2023-12-05 13:57:05,757 Attention!!!
2023-12-05 13:57:05,757 Loaded 302 parameters!
2023-12-05 13:57:05,757 Over!!!
2023-12-05 13:58:04,312 Epoch: [0/200] Iter:[0/18736], Time: 57.28, lr: [0.005], Loss: 19.606245, Acc:0.031503, Semantic loss: 8.653855, BCE loss: 3.637312, SB loss: 7.315077, Data Time: 10.19
2023-12-05 13:58:05,611 Epoch: [0/200] Iter:[10/18736], Time: 0.13, lr: [0.004999987991031703], Loss: 12.220002, Acc:0.389792, Semantic loss: 5.473732, BCE loss: 2.684181, SB loss: 4.062089, Data Time: 0.00
2023-12-05 13:58:13,881 Epoch: [0/200] Iter:[20/18736], Time: 0.83, lr: [0.0049999759820602], Loss: 9.839081, Acc:0.564617, Semantic loss: 4.396995, BCE loss: 2.249376, SB loss: 3.192710, Data Time: 0.71
2023-12-05 13:58:23,744 Epoch: [0/200] Iter:[30/18736], Time: 0.99, lr: [0.004999963973085494], Loss: 8.287006, Acc:0.632476, Semantic loss: 3.635989, BCE loss: 1.976597, SB loss: 2.674420, Data Time: 0.88
2023-12-05 13:58:33,473 Epoch: [0/200] Iter:[40/18736], Time: 0.97, lr: [0.004999951964107581], Loss: 7.233924, Acc:0.679366, Semantic loss: 3.132984, BCE loss: 1.764196, SB loss: 2.336744, Data Time: 0.86
2023-12-05 13:58:50,201 Epoch: [0/200] Iter:[50/18736], Time: 1.67, lr: [0.004999939955126464], Loss: 6.576196, Acc:0.707536, Semantic loss: 2.833024, BCE loss: 1.611754, SB loss: 2.131417, Data Time: 1.56
2023-12-05 13:59:00,717 Epoch: [0/200] Iter:[60/18736], Time: 1.05, lr: [0.004999927946142142], Loss: 6.024295, Acc:0.734982, Semantic loss: 2.573065, BCE loss: 1.492211, SB loss: 1.959019, Data Time: 0.94
2023-12-05 13:59:10,478 Epoch: [0/200] Iter:[70/18736], Time: 0.98, lr: [0.004999915937154617], Loss: 5.643884, Acc:0.753336, Semantic loss: 2.386561, BCE loss: 1.421617, SB loss: 1.835706, Data Time: 0.87
2023-12-05 13:59:20,669 Epoch: [0/200] Iter:[80/18736], Time: 1.02, lr: [0.004999903928163885], Loss: 5.332831, Acc:0.767973, Semantic loss: 2.243625, BCE loss: 1.346705, SB loss: 1.742501, Data Time: 0.91
2023-12-05 13:59:37,382 Epoch: [0/200] Iter:[90/18736], Time: 1.67, lr: [0.00499989191916995], Loss: 5.086470, Acc:0.779983, Semantic loss: 2.129970, BCE loss: 1.293325, SB loss: 1.663174, Data Time: 1.55
2023-12-05 13:59:48,049 Epoch: [0/200] Iter:[100/18736], Time: 1.07, lr: [0.004999879910172808], Loss: 4.888064, Acc:0.789516, Semantic loss: 2.039553, BCE loss: 1.248335, SB loss: 1.600176, Data Time: 0.96
