2023-11-23 14:56:55,628 Namespace(cfg='configs/facial/pidnet_small_facial.yaml', opts=[], seed=304)
2023-11-23 14:56:55,628 AUTO_RESUME: False
CUDNN:
  BENCHMARK: True
  DETERMINISTIC: False
  ENABLED: True
DATASET:
  DATASET: facial
  EXTRA_TRAIN_SET: 
  NUM_CLASSES: 15
  ROOT: data/
  TEST_SET: list/facial/val.lst
  TRAIN_SET: list/facial/train.lst
GPUS: (0,)
LOG_DIR: log
LOSS:
  BALANCE_WEIGHTS: [0.4, 1.0]
  CLASS_BALANCE: False
  OHEMKEEP: 131072
  OHEMTHRES: 0.9
  SB_WEIGHTS: 1.0
  USE_OHEM: True
MODEL:
  ALIGN_CORNERS: True
  NAME: pidnet_s
  NUM_OUTPUTS: 2
  PRETRAINED: pretrained_models/imagenet/PIDNet_S_ImageNet.pth.tar
OUTPUT_DIR: output
PIN_MEMORY: True
PRINT_FREQ: 10
TEST:
  BASE_SIZE: 616
  BATCH_SIZE_PER_GPU: 1
  FLIP_TEST: False
  IMAGE_SIZE: [616, 616]
  MODEL_FILE: 
  MULTI_SCALE: False
  OUTPUT_INDEX: 1
TRAIN:
  BASE_SIZE: 616
  BATCH_SIZE_PER_GPU: 6
  BEGIN_EPOCH: 0
  END_EPOCH: 200
  EXTRA_EPOCH: 0
  EXTRA_LR: 0.001
  FLIP: False
  IGNORE_LABEL: 255
  IMAGE_SIZE: [616, 616]
  LR: 0.005
  MOMENTUM: 0.9
  MULTI_SCALE: False
  NESTEROV: False
  OPTIMIZER: sgd
  RESUME: False
  SCALE_FACTOR: 16
  SHUFFLE: True
  WD: 0.0005
WORKERS: 3
2023-11-23 14:56:55,771 Attention!!!
2023-11-23 14:56:55,771 Loaded 302 parameters!
2023-11-23 14:56:55,771 Over!!!
2023-11-23 14:57:45,880 Epoch: [0/200] Iter:[0/18736], Time: 48.96, lr: [0.005], Loss: 19.606894, Acc:0.031499, Semantic loss: 8.653845, BCE loss: 3.637379, SB loss: 7.315669
2023-11-23 14:57:52,734 Epoch: [0/200] Iter:[10/18736], Time: 5.07, lr: [0.004999987991031703], Loss: 12.205951, Acc:0.393360, Semantic loss: 5.460537, BCE loss: 2.675942, SB loss: 4.069472
2023-11-23 14:58:02,919 Epoch: [0/200] Iter:[20/18736], Time: 3.14, lr: [0.0049999759820602], Loss: 9.715215, Acc:0.579710, Semantic loss: 4.350979, BCE loss: 2.242408, SB loss: 3.121828
2023-11-23 14:58:12,669 Epoch: [0/200] Iter:[30/18736], Time: 2.44, lr: [0.004999963973085494], Loss: 8.122188, Acc:0.645307, Semantic loss: 3.580630, BCE loss: 1.960926, SB loss: 2.580632
2023-11-23 14:58:25,464 Epoch: [0/200] Iter:[40/18736], Time: 2.16, lr: [0.004999951964107581], Loss: 7.089914, Acc:0.693177, Semantic loss: 3.085409, BCE loss: 1.751721, SB loss: 2.252784
2023-11-23 14:58:35,337 Epoch: [0/200] Iter:[50/18736], Time: 1.93, lr: [0.004999939955126464], Loss: 6.455909, Acc:0.721660, Semantic loss: 2.798015, BCE loss: 1.602784, SB loss: 2.055110
2023-11-23 14:58:45,245 Epoch: [0/200] Iter:[60/18736], Time: 1.78, lr: [0.004999927946142142], Loss: 5.899722, Acc:0.748028, Semantic loss: 2.528670, BCE loss: 1.486488, SB loss: 1.884565
2023-11-23 14:58:57,922 Epoch: [0/200] Iter:[70/18736], Time: 1.70, lr: [0.004999915937154617], Loss: 5.525781, Acc:0.766173, Semantic loss: 2.345897, BCE loss: 1.417681, SB loss: 1.762204
2023-11-23 14:59:07,731 Epoch: [0/200] Iter:[80/18736], Time: 1.61, lr: [0.004999903928163885], Loss: 5.220305, Acc:0.780608, Semantic loss: 2.204728, BCE loss: 1.340331, SB loss: 1.675246
2023-11-23 14:59:17,645 Epoch: [0/200] Iter:[90/18736], Time: 1.55, lr: [0.00499989191916995], Loss: 4.978903, Acc:0.792398, Semantic loss: 2.089951, BCE loss: 1.285369, SB loss: 1.603583
2023-11-23 14:59:30,373 Epoch: [0/200] Iter:[100/18736], Time: 1.52, lr: [0.004999879910172808], Loss: 4.797429, Acc:0.800340, Semantic loss: 2.008192, BCE loss: 1.238735, SB loss: 1.550502
2023-11-23 14:59:40,218 Epoch: [0/200] Iter:[110/18736], Time: 1.47, lr: [0.004999867901172462], Loss: 4.617375, Acc:0.808905, Semantic loss: 1.925711, BCE loss: 1.192608, SB loss: 1.499055
2023-11-23 14:59:50,307 Epoch: [0/200] Iter:[120/18736], Time: 1.43, lr: [0.004999855892168912], Loss: 4.477319, Acc:0.816722, Semantic loss: 1.855685, BCE loss: 1.160212, SB loss: 1.461422
2023-11-23 15:00:02,826 Epoch: [0/200] Iter:[130/18736], Time: 1.42, lr: [0.004999843883162156], Loss: 4.345686, Acc:0.823834, Semantic loss: 1.795940, BCE loss: 1.124220, SB loss: 1.425526
2023-11-23 15:00:12,676 Epoch: [0/200] Iter:[140/18736], Time: 1.39, lr: [0.004999831874152196], Loss: 4.230799, Acc:0.829729, Semantic loss: 1.743987, BCE loss: 1.095165, SB loss: 1.391648
2023-11-23 15:00:22,657 Epoch: [0/200] Iter:[150/18736], Time: 1.36, lr: [0.00499981986513903], Loss: 4.127322, Acc:0.835312, Semantic loss: 1.696334, BCE loss: 1.070122, SB loss: 1.360866
2023-11-23 15:00:35,492 Epoch: [0/200] Iter:[160/18736], Time: 1.36, lr: [0.00499980785612266], Loss: 4.033070, Acc:0.840742, Semantic loss: 1.653348, BCE loss: 1.046562, SB loss: 1.333160
2023-11-23 15:00:45,347 Epoch: [0/200] Iter:[170/18736], Time: 1.34, lr: [0.004999795847103084], Loss: 3.973926, Acc:0.844190, Semantic loss: 1.628747, BCE loss: 1.028973, SB loss: 1.316206
2023-11-23 15:00:55,142 Epoch: [0/200] Iter:[180/18736], Time: 1.32, lr: [0.004999783838080304], Loss: 3.899399, Acc:0.848232, Semantic loss: 1.594130, BCE loss: 1.010884, SB loss: 1.294385
2023-11-23 15:01:07,934 Epoch: [0/200] Iter:[190/18736], Time: 1.31, lr: [0.004999771829054318], Loss: 3.837855, Acc:0.851256, Semantic loss: 1.567229, BCE loss: 0.995311, SB loss: 1.275315
2023-11-23 15:01:17,881 Epoch: [0/200] Iter:[200/18736], Time: 1.30, lr: [0.004999759820025128], Loss: 3.779939, Acc:0.854647, Semantic loss: 1.540805, BCE loss: 0.980011, SB loss: 1.259123
2023-11-23 15:01:27,737 Epoch: [0/200] Iter:[210/18736], Time: 1.28, lr: [0.004999747810992733], Loss: 3.724058, Acc:0.857900, Semantic loss: 1.516069, BCE loss: 0.966782, SB loss: 1.241207
2023-11-23 15:01:40,414 Epoch: [0/200] Iter:[220/18736], Time: 1.28, lr: [0.004999735801957133], Loss: 3.672839, Acc:0.860880, Semantic loss: 1.492543, BCE loss: 0.954257, SB loss: 1.226039
2023-11-23 15:01:50,392 Epoch: [0/200] Iter:[230/18736], Time: 1.27, lr: [0.0049997237929183275], Loss: 3.629211, Acc:0.863320, Semantic loss: 1.471516, BCE loss: 0.944637, SB loss: 1.213059
